<?xml version="1.0" encoding="UTF-8"?>
<testsuite name="DollarCalculatorTest" tests="1" skipped="0" failures="0" errors="0" timestamp="2022-01-13T05:26:49" hostname="MacBook-Pro.local" time="0.021">
  <properties/>
  <testcase name="dollarTest()" classname="DollarCalculatorTest" time="0.021"/>
  <system-out><![CDATA[22000
]]></system-out>
  <system-err><![CDATA[]]></system-err>
</testsuite>
