<?xml version="1.0" encoding="UTF-8"?>
<testsuite name="DollarCalculatorTest" tests="1" skipped="0" failures="0" errors="0" timestamp="2022-01-13T06:17:03" hostname="MacBook-Pro.local" time="0.419">
  <properties/>
  <testcase name="mockTest()" classname="DollarCalculatorTest" time="0.419"/>
  <system-out><![CDATA[60000
]]></system-out>
  <system-err><![CDATA[]]></system-err>
</testsuite>
